<?xml version="1.0" encoding="UTF-8"?>
<!-- Generated by org.testng.reporters.JUnitReportReporter -->
<testsuite hostname="HIH-D-2911" name="com.netease.vcloud.dawn.gslb.testcase.Debug" tests="1" failures="0" timestamp="22 Mar 2017 10:24:19 GMT" time="0.629" errors="0">
  <testcase name="getPushTypeOnline" time="0.629" classname="com.netease.vcloud.dawn.gslb.testcase.Debug"/>
</testsuite> <!-- com.netease.vcloud.dawn.gslb.testcase.Debug -->
