<?xml version="1.0" encoding="UTF-8"?>
<!-- Generated by org.testng.reporters.JUnitReportReporter -->
<testsuite hostname="HIH-D-2911" name="com.netease.vcloud.dawn.gslb.smoke.SmokeTest" tests="1" failures="0" timestamp="17 Feb 2017 06:24:31 GMT" time="0.038" errors="0">
  <testcase name="test" time="0.038" classname="com.netease.vcloud.dawn.gslb.smoke.SmokeTest"/>
</testsuite> <!-- com.netease.vcloud.dawn.gslb.smoke.SmokeTest -->
