<?xml version="1.0" encoding="UTF-8"?>
<!-- Generated by org.testng.reporters.JUnitReportReporter -->
<testsuite hostname="HIH-D-2911" name="com.netease.vcloud.dawn.gslb.testcase.MapperTest" tests="1" failures="0" timestamp="20 Mar 2017 03:22:37 GMT" time="0.398" errors="0">
  <testcase name="getPushUrlWithMapper" time="0.398" classname="com.netease.vcloud.dawn.gslb.testcase.MapperTest"/>
</testsuite> <!-- com.netease.vcloud.dawn.gslb.testcase.MapperTest -->
